#
# A fatal error has been detected by the Java Runtime Environment:
#
#  Internal Error (classFileParser.cpp:3494), pid=9092, tid=10048
#  Error: ShouldNotReachHere()
#
# JRE version: 6.0_43-b01
# Java VM: Java HotSpot(TM) 64-Bit Server VM (20.14-b01 mixed mode windows-amd64 compressed oops)
# If you would like to submit a bug report, please visit:
#   http://java.sun.com/webapps/bugreport/crash.jsp
#

---------------  T H R E A D  ---------------

Current thread (0x000000000061b800):  JavaThread "Unknown thread" [_thread_in_vm, id=10048, stack(0x0000000002520000,0x0000000002620000)]

Stack: [0x0000000002520000,0x0000000002620000]
[error occurred during error reporting (printing stack bounds), id 0xc0000005]


---------------  P R O C E S S  ---------------

Java Threads: ( => current thread )

Other Threads:

=>0x000000000061b800 (exited) JavaThread "Unknown thread" [_thread_in_vm, id=10048, stack(0x0000000002520000,0x0000000002620000)]

VM state:not at safepoint (not fully initialized)

VM Mutex/Monitor currently owned by a thread: None

Dynamic libraries:
0x0000000000400000 - 0x000000000042f000 	C:\Program Files\Java\jdk1.6.0_43\bin\javaw.exe
0x0000000076f10000 - 0x00000000770b9000 	C:\windows\SYSTEM32\ntdll.dll
0x0000000076cb0000 - 0x0000000076dcf000 	C:\windows\system32\kernel32.dll
0x000007fefcf90000 - 0x000007fefcffc000 	C:\windows\system32\KERNELBASE.dll
0x000007fefd890000 - 0x000007fefd96b000 	C:\windows\system32\ADVAPI32.dll
0x000007fefec80000 - 0x000007fefed1f000 	C:\windows\system32\msvcrt.dll
0x000007fefdbb0000 - 0x000007fefdbcf000 	C:\windows\SYSTEM32\sechost.dll
0x000007fefee90000 - 0x000007fefefbd000 	C:\windows\system32\RPCRT4.dll
0x0000000076bb0000 - 0x0000000076caa000 	C:\windows\system32\USER32.dll
0x000007fefdbd0000 - 0x000007fefdc37000 	C:\windows\system32\GDI32.dll
0x000007fefd880000 - 0x000007fefd88e000 	C:\windows\system32\LPK.dll
0x000007fefd730000 - 0x000007fefd7f9000 	C:\windows\system32\USP10.dll
0x000007fefdb80000 - 0x000007fefdbae000 	C:\windows\system32\IMM32.DLL
0x000007fefed20000 - 0x000007fefee29000 	C:\windows\system32\MSCTF.dll
0x000000006d8c0000 - 0x000000006e07c000 	C:\Program Files\Java\jdk1.6.0_43\jre\bin\server\jvm.dll
0x000007fefcc90000 - 0x000007fefcccb000 	C:\windows\system32\WINMM.dll
0x000000006d830000 - 0x000000006d83e000 	C:\Program Files\Java\jdk1.6.0_43\jre\bin\verify.dll
0x000000006d450000 - 0x000000006d477000 	C:\Program Files\Java\jdk1.6.0_43\jre\bin\java.dll
0x000000006d880000 - 0x000000006d892000 	C:\Program Files\Java\jdk1.6.0_43\jre\bin\zip.dll
0x00000000770e0000 - 0x00000000770e7000 	C:\windows\system32\PSAPI.DLL

VM Arguments:
jvm_args: -Dfile.encoding=UTF-8 -Xbootclasspath:D:\adt-bundle-windows-x86_64-20140702\sdk\platforms\android-14\android.jar 
java_command: com.smallzhi.push.util.CommonUtil
Launcher Type: SUN_STANDARD

Environment Variables:
JAVA_HOME=C:\Program Files\Java\jdk1.6.0_43
PATH=C:/Program Files/Java/jdk1.6.0_43/bin/../jre/bin/server;C:/Program Files/Java/jdk1.6.0_43/bin/../jre/bin;C:/Program Files/Java/jdk1.6.0_43/bin/../jre/lib/amd64;C:\Program Files (x86)\Common Files\NetSarang;C:\windows\system32;C:\windows;C:\windows\System32\Wbem;C:\windows\System32\WindowsPowerShell\v1.0\;C:\Program Files (x86)\Intel\OpenCL SDK\2.0\bin\x86;C:\Program Files (x86)\Intel\OpenCL SDK\2.0\bin\x64;C:\Program Files\TortoiseSVN\bin;D:\maven\bin;C:\Program Files (x86)\MySQL\MySQL Utilities 1.3.6\;;C:\Program Files\Java\jdk1.6.0_43\bin;C:\Program Files\Java\jdk1.6.0_43\jre\bin;D:\activator;C:\Program Files (x86)\Calibre2\;D:\adt-bundle-windows-x86_64-20140702\sdk\platform-tools;D:\db-derby-10.11.1.1-bin\bin;D:\Program Files\SSH Communications Security\SSH Secure Shell;D:\activator;D:\adt-bundle-windows-x86_64-20140702\eclipse;
USERNAME=jushang
OS=Windows_NT
PROCESSOR_IDENTIFIER=Intel64 Family 6 Model 42 Stepping 7, GenuineIntel



---------------  S Y S T E M  ---------------

OS: Windows 7 , 64 bit Build 7601 Service Pack 1

CPU:total 4 (2 cores per cpu, 2 threads per core) family 6 model 42 stepping 7, cmov, cx8, fxsr, mmx, sse, sse2, sse3, ssse3, sse4.1, sse4.2, popcnt, ht

Memory: 4k page, physical 8299140k(1857728k free), swap 16596416k(9945064k free)

vm_info: Java HotSpot(TM) 64-Bit Server VM (20.14-b01) for windows-amd64 JRE (1.6.0_43-b01), built on Mar  1 2013 01:52:33 by "java_re" with MS VC++ 8.0 (VS2005)

time: Fri Dec 12 17:24:33 2014
elapsed time: 0 seconds

